<?xml version="1.0" encoding="UTF-8"?>
<testsuite name="com.emilio.notificationmanager.TriggerLogicTest" tests="2" skipped="0" failures="0" errors="0" timestamp="2026-03-09T14:56:28" hostname="PC-TRABAJO" time="0.052">
  <properties/>
  <testcase name="testDeleteTrigger" classname="com.emilio.notificationmanager.TriggerLogicTest" time="0.029"/>
  <testcase name="testSaveAndRetrieveTriggers" classname="com.emilio.notificationmanager.TriggerLogicTest" time="0.023"/>
  <system-out><![CDATA[]]></system-out>
  <system-err><![CDATA[]]></system-err>
</testsuite>
