<?xml version="1.0" encoding="UTF-8"?>
<testsuite name="com.emilio.notificationmanager.NotificationLogicTest" tests="9" skipped="0" failures="0" errors="0" timestamp="2026-03-09T14:56:26" hostname="PC-TRABAJO" time="2.617">
  <properties/>
  <testcase name="testIsAppBlockedLocally_whenNotBlocked_returnsFalse" classname="com.emilio.notificationmanager.NotificationLogicTest" time="2.3"/>
  <testcase name="testIsAppSilencedByGroup_whenGroupSilenced_returnsTrue" classname="com.emilio.notificationmanager.NotificationLogicTest" time="0.106"/>
  <testcase name="testIsAppSilencedLocally_whenSilenced_returnsTrue" classname="com.emilio.notificationmanager.NotificationLogicTest" time="0.031"/>
  <testcase name="testThemePreference_savesAndRetrievesCorrectly" classname="com.emilio.notificationmanager.NotificationLogicTest" time="0.035"/>
  <testcase name="testSilenceAndBlockAreSeparate" classname="com.emilio.notificationmanager.NotificationLogicTest" time="0.032"/>
  <testcase name="testUnblockAndUnsilence_clearsAll" classname="com.emilio.notificationmanager.NotificationLogicTest" time="0.03"/>
  <testcase name="testIsAppSilencedLocally_whenNotSilenced_returnsFalse" classname="com.emilio.notificationmanager.NotificationLogicTest" time="0.024"/>
  <testcase name="testIsAppBlockedLocally_whenBlocked_returnsTrue" classname="com.emilio.notificationmanager.NotificationLogicTest" time="0.022"/>
  <testcase name="testIsAppBlockedByGroup_whenGroupBlocked_returnsTrue" classname="com.emilio.notificationmanager.NotificationLogicTest" time="0.037"/>
  <system-out><![CDATA[WARNING: No manifest file found at .\AndroidManifest.xml.
Falling back to the Android OS resources only.
To remove this warning, annotate your test class with @Config(manifest=Config.NONE).
]]></system-out>
  <system-err><![CDATA[No such manifest file: .\AndroidManifest.xml
]]></system-err>
</testsuite>
